This file contains any messages produced by compilers while
running configure, to aid debugging if configure makes a mistake.

It was created by xf86-video-mali configure 0.4.2, which was
generated by GNU Autoconf 2.69.  Invocation command line was

  $ ./configure --prefix=/usr

## --------- ##
## Platform. ##
## --------- ##

hostname = odroid64
uname -m = aarch64
uname -r = 3.14.29+
uname -s = Linux
uname -v = #19 SMP PREEMPT Tue May 17 23:41:30 BRT 2016

/usr/bin/uname -p = unknown
/bin/uname -X     = unknown

/bin/arch              = unknown
/usr/bin/arch -k       = unknown
/usr/convex/getsysinfo = unknown
/usr/bin/hostinfo      = unknown
/bin/machine           = unknown
/usr/bin/oslevel       = unknown
/bin/universe          = unknown

PATH: /usr/local/sbin
PATH: /usr/local/bin
PATH: /usr/sbin
PATH: /usr/bin
PATH: /sbin
PATH: /bin
PATH: /usr/games
PATH: /usr/local/games
PATH: /snaps/bin


## ----------- ##
## Core tests. ##
## ----------- ##

configure:2300: checking for a BSD-compatible install
configure:2368: result: /usr/bin/install -c
configure:2379: checking whether build environment is sane
configure:2434: result: yes
configure:2585: checking for a thread-safe mkdir -p
configure:2624: result: /bin/mkdir -p
configure:2631: checking for gawk
configure:2647: found /usr/bin/gawk
configure:2658: result: gawk
configure:2669: checking whether make sets $(MAKE)
configure:2691: result: yes
configure:2720: checking whether make supports nested variables
configure:2737: result: yes
configure:2864: checking whether to enable maintainer-specific portions of Makefiles
configure:2873: result: no
configure:2911: checking for style of include used by make
configure:2939: result: GNU
configure:3010: checking for gcc
configure:3026: found /usr/bin/gcc
configure:3037: result: gcc
configure:3266: checking for C compiler version
configure:3275: gcc --version >&5
gcc (Ubuntu/Linaro 5.3.1-13ubuntu6) 5.3.1 20160407
Copyright (C) 2015 Free Software Foundation, Inc.
This is free software; see the source for copying conditions.  There is NO
warranty; not even for MERCHANTABILITY or FITNESS FOR A PARTICULAR PURPOSE.

configure:3286: $? = 0
configure:3275: gcc -v >&5
Using built-in specs.
COLLECT_GCC=gcc
COLLECT_LTO_WRAPPER=/usr/lib/gcc/aarch64-linux-gnu/5/lto-wrapper
Target: aarch64-linux-gnu
Configured with: ../src/configure -v --with-pkgversion='Ubuntu/Linaro 5.3.1-13ubuntu6' --with-bugurl=file:///usr/share/doc/gcc-5/README.Bugs --enable-languages=c,ada,c++,java,go,d,fortran,objc,obj-c++ --prefix=/usr --program-suffix=-5 --enable-shared --enable-linker-build-id --libexecdir=/usr/lib --without-included-gettext --enable-threads=posix --libdir=/usr/lib --enable-nls --with-sysroot=/ --enable-clocale=gnu --enable-libstdcxx-debug --enable-libstdcxx-time=yes --with-default-libstdcxx-abi=new --enable-gnu-unique-object --disable-libquadmath --enable-plugin --with-system-zlib --disable-browser-plugin --enable-java-awt=gtk --enable-gtk-cairo --with-java-home=/usr/lib/jvm/java-1.5.0-gcj-5-arm64/jre --enable-java-home --with-jvm-root-dir=/usr/lib/jvm/java-1.5.0-gcj-5-arm64 --with-jvm-jar-dir=/usr/lib/jvm-exports/java-1.5.0-gcj-5-arm64 --with-arch-directory=aarch64 --with-ecj-jar=/usr/share/java/eclipse-ecj.jar --enable-multiarch --enable-fix-cortex-a53-843419 --disable-werror --enable-checking=release --build=aarch64-linux-gnu --host=aarch64-linux-gnu --target=aarch64-linux-gnu
Thread model: posix
gcc version 5.3.1 20160407 (Ubuntu/Linaro 5.3.1-13ubuntu6) 
configure:3286: $? = 0
configure:3275: gcc -V >&5
gcc: error: unrecognized command line option '-V'
gcc: fatal error: no input files
compilation terminated.
configure:3286: $? = 1
configure:3275: gcc -qversion >&5
gcc: error: unrecognized command line option '-qversion'
gcc: fatal error: no input files
compilation terminated.
configure:3286: $? = 1
configure:3306: checking whether the C compiler works
configure:3328: gcc    conftest.c  >&5
configure:3332: $? = 0
configure:3380: result: yes
configure:3383: checking for C compiler default output file name
configure:3385: result: a.out
configure:3391: checking for suffix of executables
configure:3398: gcc -o conftest    conftest.c  >&5
configure:3402: $? = 0
configure:3424: result: 
configure:3446: checking whether we are cross compiling
configure:3454: gcc -o conftest    conftest.c  >&5
configure:3458: $? = 0
configure:3465: ./conftest
configure:3469: $? = 0
configure:3484: result: no
configure:3489: checking for suffix of object files
configure:3511: gcc -c   conftest.c >&5
configure:3515: $? = 0
configure:3536: result: o
configure:3540: checking whether we are using the GNU C compiler
configure:3559: gcc -c   conftest.c >&5
configure:3559: $? = 0
configure:3568: result: yes
configure:3577: checking whether gcc accepts -g
configure:3597: gcc -c -g  conftest.c >&5
configure:3597: $? = 0
configure:3638: result: yes
configure:3655: checking for gcc option to accept ISO C89
configure:3718: gcc  -c -g -O2  conftest.c >&5
configure:3718: $? = 0
configure:3731: result: none needed
configure:3756: checking whether gcc understands -c and -o together
configure:3778: gcc -c conftest.c -o conftest2.o
configure:3781: $? = 0
configure:3778: gcc -c conftest.c -o conftest2.o
configure:3781: $? = 0
configure:3793: result: yes
configure:3812: checking dependency style of gcc
configure:3923: result: gcc3
configure:3938: checking for gcc option to accept ISO C99
configure:4087: gcc  -c -g -O2  conftest.c >&5
configure:4087: $? = 0
configure:4100: result: none needed
configure:4121: checking how to run the C preprocessor
configure:4152: gcc -E  conftest.c
configure:4152: $? = 0
configure:4166: gcc -E  conftest.c
conftest.c:11:28: fatal error: ac_nonexistent.h: No such file or directory
compilation terminated.
configure:4166: $? = 1
configure: failed program was:
| /* confdefs.h */
| #define PACKAGE_NAME "xf86-video-mali"
| #define PACKAGE_TARNAME "xf86-video-mali"
| #define PACKAGE_VERSION "0.4.2"
| #define PACKAGE_STRING "xf86-video-mali 0.4.2"
| #define PACKAGE_BUGREPORT "https://bugs.freedesktop.org/enter_bug.cgi?product=xorg"
| #define PACKAGE_URL ""
| #define PACKAGE "xf86-video-mali"
| #define VERSION "0.4.2"
| /* end confdefs.h.  */
| #include <ac_nonexistent.h>
configure:4191: result: gcc -E
configure:4211: gcc -E  conftest.c
configure:4211: $? = 0
configure:4225: gcc -E  conftest.c
conftest.c:11:28: fatal error: ac_nonexistent.h: No such file or directory
compilation terminated.
configure:4225: $? = 1
configure: failed program was:
| /* confdefs.h */
| #define PACKAGE_NAME "xf86-video-mali"
| #define PACKAGE_TARNAME "xf86-video-mali"
| #define PACKAGE_VERSION "0.4.2"
| #define PACKAGE_STRING "xf86-video-mali 0.4.2"
| #define PACKAGE_BUGREPORT "https://bugs.freedesktop.org/enter_bug.cgi?product=xorg"
| #define PACKAGE_URL ""
| #define PACKAGE "xf86-video-mali"
| #define VERSION "0.4.2"
| /* end confdefs.h.  */
| #include <ac_nonexistent.h>
configure:4254: checking for grep that handles long lines and -e
configure:4312: result: /bin/grep
configure:4317: checking for egrep
configure:4379: result: /bin/grep -E
configure:4384: checking for ANSI C header files
configure:4404: gcc -c -g -O2  conftest.c >&5
configure:4404: $? = 0
configure:4477: gcc -o conftest -g -O2   conftest.c  >&5
configure:4477: $? = 0
configure:4477: ./conftest
configure:4477: $? = 0
configure:4488: result: yes
configure:4501: checking for sys/types.h
configure:4501: gcc -c -g -O2  conftest.c >&5
configure:4501: $? = 0
configure:4501: result: yes
configure:4501: checking for sys/stat.h
configure:4501: gcc -c -g -O2  conftest.c >&5
configure:4501: $? = 0
configure:4501: result: yes
configure:4501: checking for stdlib.h
configure:4501: gcc -c -g -O2  conftest.c >&5
configure:4501: $? = 0
configure:4501: result: yes
configure:4501: checking for string.h
configure:4501: gcc -c -g -O2  conftest.c >&5
configure:4501: $? = 0
configure:4501: result: yes
configure:4501: checking for memory.h
configure:4501: gcc -c -g -O2  conftest.c >&5
configure:4501: $? = 0
configure:4501: result: yes
configure:4501: checking for strings.h
configure:4501: gcc -c -g -O2  conftest.c >&5
configure:4501: $? = 0
configure:4501: result: yes
configure:4501: checking for inttypes.h
configure:4501: gcc -c -g -O2  conftest.c >&5
configure:4501: $? = 0
configure:4501: result: yes
configure:4501: checking for stdint.h
configure:4501: gcc -c -g -O2  conftest.c >&5
configure:4501: $? = 0
configure:4501: result: yes
configure:4501: checking for unistd.h
configure:4501: gcc -c -g -O2  conftest.c >&5
configure:4501: $? = 0
configure:4501: result: yes
configure:4517: checking whether __clang__ is declared
configure:4517: gcc -c -g -O2  conftest.c >&5
conftest.c: In function 'main':
conftest.c:61:10: error: '__clang__' undeclared (first use in this function)
   (void) __clang__;
          ^
conftest.c:61:10: note: each undeclared identifier is reported only once for each function it appears in
configure:4517: $? = 1
configure: failed program was:
| /* confdefs.h */
| #define PACKAGE_NAME "xf86-video-mali"
| #define PACKAGE_TARNAME "xf86-video-mali"
| #define PACKAGE_VERSION "0.4.2"
| #define PACKAGE_STRING "xf86-video-mali 0.4.2"
| #define PACKAGE_BUGREPORT "https://bugs.freedesktop.org/enter_bug.cgi?product=xorg"
| #define PACKAGE_URL ""
| #define PACKAGE "xf86-video-mali"
| #define VERSION "0.4.2"
| #define STDC_HEADERS 1
| #define HAVE_SYS_TYPES_H 1
| #define HAVE_SYS_STAT_H 1
| #define HAVE_STDLIB_H 1
| #define HAVE_STRING_H 1
| #define HAVE_MEMORY_H 1
| #define HAVE_STRINGS_H 1
| #define HAVE_INTTYPES_H 1
| #define HAVE_STDINT_H 1
| #define HAVE_UNISTD_H 1
| /* end confdefs.h.  */
| #include <stdio.h>
| #ifdef HAVE_SYS_TYPES_H
| # include <sys/types.h>
| #endif
| #ifdef HAVE_SYS_STAT_H
| # include <sys/stat.h>
| #endif
| #ifdef STDC_HEADERS
| # include <stdlib.h>
| # include <stddef.h>
| #else
| # ifdef HAVE_STDLIB_H
| #  include <stdlib.h>
| # endif
| #endif
| #ifdef HAVE_STRING_H
| # if !defined STDC_HEADERS && defined HAVE_MEMORY_H
| #  include <memory.h>
| # endif
| # include <string.h>
| #endif
| #ifdef HAVE_STRINGS_H
| # include <strings.h>
| #endif
| #ifdef HAVE_INTTYPES_H
| # include <inttypes.h>
| #endif
| #ifdef HAVE_STDINT_H
| # include <stdint.h>
| #endif
| #ifdef HAVE_UNISTD_H
| # include <unistd.h>
| #endif
| int
| main ()
| {
| #ifndef __clang__
| #ifdef __cplusplus
|   (void) __clang__;
| #else
|   (void) __clang__;
| #endif
| #endif
| 
|   ;
|   return 0;
| }
configure:4517: result: no
configure:4524: checking whether __INTEL_COMPILER is declared
configure:4524: gcc -c -g -O2  conftest.c >&5
conftest.c: In function 'main':
conftest.c:61:10: error: '__INTEL_COMPILER' undeclared (first use in this function)
   (void) __INTEL_COMPILER;
          ^
conftest.c:61:10: note: each undeclared identifier is reported only once for each function it appears in
configure:4524: $? = 1
configure: failed program was:
| /* confdefs.h */
| #define PACKAGE_NAME "xf86-video-mali"
| #define PACKAGE_TARNAME "xf86-video-mali"
| #define PACKAGE_VERSION "0.4.2"
| #define PACKAGE_STRING "xf86-video-mali 0.4.2"
| #define PACKAGE_BUGREPORT "https://bugs.freedesktop.org/enter_bug.cgi?product=xorg"
| #define PACKAGE_URL ""
| #define PACKAGE "xf86-video-mali"
| #define VERSION "0.4.2"
| #define STDC_HEADERS 1
| #define HAVE_SYS_TYPES_H 1
| #define HAVE_SYS_STAT_H 1
| #define HAVE_STDLIB_H 1
| #define HAVE_STRING_H 1
| #define HAVE_MEMORY_H 1
| #define HAVE_STRINGS_H 1
| #define HAVE_INTTYPES_H 1
| #define HAVE_STDINT_H 1
| #define HAVE_UNISTD_H 1
| /* end confdefs.h.  */
| #include <stdio.h>
| #ifdef HAVE_SYS_TYPES_H
| # include <sys/types.h>
| #endif
| #ifdef HAVE_SYS_STAT_H
| # include <sys/stat.h>
| #endif
| #ifdef STDC_HEADERS
| # include <stdlib.h>
| # include <stddef.h>
| #else
| # ifdef HAVE_STDLIB_H
| #  include <stdlib.h>
| # endif
| #endif
| #ifdef HAVE_STRING_H
| # if !defined STDC_HEADERS && defined HAVE_MEMORY_H
| #  include <memory.h>
| # endif
| # include <string.h>
| #endif
| #ifdef HAVE_STRINGS_H
| # include <strings.h>
| #endif
| #ifdef HAVE_INTTYPES_H
| # include <inttypes.h>
| #endif
| #ifdef HAVE_STDINT_H
| # include <stdint.h>
| #endif
| #ifdef HAVE_UNISTD_H
| # include <unistd.h>
| #endif
| int
| main ()
| {
| #ifndef __INTEL_COMPILER
| #ifdef __cplusplus
|   (void) __INTEL_COMPILER;
| #else
|   (void) __INTEL_COMPILER;
| #endif
| #endif
| 
|   ;
|   return 0;
| }
configure:4524: result: no
configure:4531: checking whether __SUNPRO_C is declared
configure:4531: gcc -c -g -O2  conftest.c >&5
conftest.c: In function 'main':
conftest.c:61:10: error: '__SUNPRO_C' undeclared (first use in this function)
   (void) __SUNPRO_C;
          ^
conftest.c:61:10: note: each undeclared identifier is reported only once for each function it appears in
configure:4531: $? = 1
configure: failed program was:
| /* confdefs.h */
| #define PACKAGE_NAME "xf86-video-mali"
| #define PACKAGE_TARNAME "xf86-video-mali"
| #define PACKAGE_VERSION "0.4.2"
| #define PACKAGE_STRING "xf86-video-mali 0.4.2"
| #define PACKAGE_BUGREPORT "https://bugs.freedesktop.org/enter_bug.cgi?product=xorg"
| #define PACKAGE_URL ""
| #define PACKAGE "xf86-video-mali"
| #define VERSION "0.4.2"
| #define STDC_HEADERS 1
| #define HAVE_SYS_TYPES_H 1
| #define HAVE_SYS_STAT_H 1
| #define HAVE_STDLIB_H 1
| #define HAVE_STRING_H 1
| #define HAVE_MEMORY_H 1
| #define HAVE_STRINGS_H 1
| #define HAVE_INTTYPES_H 1
| #define HAVE_STDINT_H 1
| #define HAVE_UNISTD_H 1
| /* end confdefs.h.  */
| #include <stdio.h>
| #ifdef HAVE_SYS_TYPES_H
| # include <sys/types.h>
| #endif
| #ifdef HAVE_SYS_STAT_H
| # include <sys/stat.h>
| #endif
| #ifdef STDC_HEADERS
| # include <stdlib.h>
| # include <stddef.h>
| #else
| # ifdef HAVE_STDLIB_H
| #  include <stdlib.h>
| # endif
| #endif
| #ifdef HAVE_STRING_H
| # if !defined STDC_HEADERS && defined HAVE_MEMORY_H
| #  include <memory.h>
| # endif
| # include <string.h>
| #endif
| #ifdef HAVE_STRINGS_H
| # include <strings.h>
| #endif
| #ifdef HAVE_INTTYPES_H
| # include <inttypes.h>
| #endif
| #ifdef HAVE_STDINT_H
| # include <stdint.h>
| #endif
| #ifdef HAVE_UNISTD_H
| # include <unistd.h>
| #endif
| int
| main ()
| {
| #ifndef __SUNPRO_C
| #ifdef __cplusplus
|   (void) __SUNPRO_C;
| #else
|   (void) __SUNPRO_C;
| #endif
| #endif
| 
|   ;
|   return 0;
| }
configure:4531: result: no
configure:4593: checking for pkg-config
configure:4611: found /usr/bin/pkg-config
configure:4623: result: /usr/bin/pkg-config
configure:4648: checking pkg-config is at least version 0.9.0
configure:4651: result: yes
configure:4663: checking build system type
configure:4677: result: aarch64-unknown-linux-gnu
configure:4697: checking host system type
configure:4710: result: aarch64-unknown-linux-gnu
configure:4730: checking for a sed that does not truncate output
configure:4794: result: /bin/sed
configure:4840: checking if gcc supports -Werror=unknown-warning-option
configure:4849: gcc -c -g -O2 -Werror=unknown-warning-option  conftest.c >&5
cc1: error: -Werror=unknown-warning-option: no option -Wunknown-warning-option
configure:4849: $? = 1
configure: failed program was:
| /* confdefs.h */
| #define PACKAGE_NAME "xf86-video-mali"
| #define PACKAGE_TARNAME "xf86-video-mali"
| #define PACKAGE_VERSION "0.4.2"
| #define PACKAGE_STRING "xf86-video-mali 0.4.2"
| #define PACKAGE_BUGREPORT "https://bugs.freedesktop.org/enter_bug.cgi?product=xorg"
| #define PACKAGE_URL ""
| #define PACKAGE "xf86-video-mali"
| #define VERSION "0.4.2"
| #define STDC_HEADERS 1
| #define HAVE_SYS_TYPES_H 1
| #define HAVE_SYS_STAT_H 1
| #define HAVE_STDLIB_H 1
| #define HAVE_STRING_H 1
| #define HAVE_MEMORY_H 1
| #define HAVE_STRINGS_H 1
| #define HAVE_INTTYPES_H 1
| #define HAVE_STDINT_H 1
| #define HAVE_UNISTD_H 1
| /* end confdefs.h.  */
| int i;
configure:4856: result: no
configure:4867: checking if gcc supports -Werror=unused-command-line-argument
configure:4876: gcc -c -g -O2 -Werror=unused-command-line-argument  conftest.c >&5
cc1: error: -Werror=unused-command-line-argument: no option -Wunused-command-line-argument
configure:4876: $? = 1
configure: failed program was:
| /* confdefs.h */
| #define PACKAGE_NAME "xf86-video-mali"
| #define PACKAGE_TARNAME "xf86-video-mali"
| #define PACKAGE_VERSION "0.4.2"
| #define PACKAGE_STRING "xf86-video-mali 0.4.2"
| #define PACKAGE_BUGREPORT "https://bugs.freedesktop.org/enter_bug.cgi?product=xorg"
| #define PACKAGE_URL ""
| #define PACKAGE "xf86-video-mali"
| #define VERSION "0.4.2"
| #define STDC_HEADERS 1
| #define HAVE_SYS_TYPES_H 1
| #define HAVE_SYS_STAT_H 1
| #define HAVE_STDLIB_H 1
| #define HAVE_STRING_H 1
| #define HAVE_MEMORY_H 1
| #define HAVE_STRINGS_H 1
| #define HAVE_INTTYPES_H 1
| #define HAVE_STDINT_H 1
| #define HAVE_UNISTD_H 1
| /* end confdefs.h.  */
| int i;
configure:4883: result: no
configure:4902: checking if gcc supports -Wall
configure:4919: gcc -o conftest -g -O2 -Wall   conftest.c  >&5
configure:4919: $? = 0
configure:4932: result: yes
configure:5020: checking if gcc supports -Wpointer-arith
configure:5037: gcc -o conftest -g -O2 -Wpointer-arith   conftest.c  >&5
configure:5037: $? = 0
configure:5050: result: yes
configure:5138: checking if gcc supports -Wmissing-declarations
configure:5155: gcc -o conftest -g -O2 -Wmissing-declarations   conftest.c  >&5
configure:5155: $? = 0
configure:5168: result: yes
configure:5256: checking if gcc supports -Wformat=2
configure:5273: gcc -o conftest -g -O2 -Wformat=2   conftest.c  >&5
configure:5273: $? = 0
configure:5286: result: yes
configure:5425: checking if gcc supports -Wstrict-prototypes
configure:5442: gcc -o conftest -g -O2 -Wstrict-prototypes   conftest.c  >&5
conftest.c:23:1: warning: function declaration isn't a prototype [-Wstrict-prototypes]
 main ()
 ^
configure:5442: $? = 0
configure:5455: result: yes
configure:5543: checking if gcc supports -Wmissing-prototypes
configure:5560: gcc -o conftest -g -O2 -Wmissing-prototypes   conftest.c  >&5
configure:5560: $? = 0
configure:5573: result: yes
configure:5661: checking if gcc supports -Wnested-externs
configure:5678: gcc -o conftest -g -O2 -Wnested-externs   conftest.c  >&5
configure:5678: $? = 0
configure:5691: result: yes
configure:5779: checking if gcc supports -Wbad-function-cast
configure:5796: gcc -o conftest -g -O2 -Wbad-function-cast   conftest.c  >&5
configure:5796: $? = 0
configure:5809: result: yes
configure:5897: checking if gcc supports -Wold-style-definition
configure:5914: gcc -o conftest -g -O2 -Wold-style-definition   conftest.c  >&5
conftest.c: In function 'main':
conftest.c:23:1: warning: old-style function definition [-Wold-style-definition]
 main ()
 ^
configure:5914: $? = 0
configure:5927: result: yes
configure:6064: checking if gcc supports -Wdeclaration-after-statement
configure:6081: gcc -o conftest -g -O2 -Wdeclaration-after-statement   conftest.c  >&5
configure:6081: $? = 0
configure:6094: result: yes
configure:6186: checking if gcc supports -Wunused
configure:6203: gcc -o conftest -g -O2 -Wunused   conftest.c  >&5
configure:6203: $? = 0
configure:6216: result: yes
configure:6304: checking if gcc supports -Wuninitialized
configure:6321: gcc -o conftest -g -O2 -Wuninitialized   conftest.c  >&5
configure:6321: $? = 0
configure:6334: result: yes
configure:6422: checking if gcc supports -Wshadow
configure:6439: gcc -o conftest -g -O2 -Wshadow   conftest.c  >&5
configure:6439: $? = 0
configure:6452: result: yes
configure:6540: checking if gcc supports -Wmissing-noreturn
configure:6557: gcc -o conftest -g -O2 -Wmissing-noreturn   conftest.c  >&5
configure:6557: $? = 0
configure:6570: result: yes
configure:6658: checking if gcc supports -Wmissing-format-attribute
configure:6675: gcc -o conftest -g -O2 -Wmissing-format-attribute   conftest.c  >&5
configure:6675: $? = 0
configure:6688: result: yes
configure:6776: checking if gcc supports -Wredundant-decls
configure:6793: gcc -o conftest -g -O2 -Wredundant-decls   conftest.c  >&5
configure:6793: $? = 0
configure:6806: result: yes
configure:6894: checking if gcc supports -Wlogical-op
configure:6911: gcc -o conftest -g -O2 -Wlogical-op   conftest.c  >&5
configure:6911: $? = 0
configure:6924: result: yes
configure:7024: checking if gcc supports -Werror=implicit
configure:7041: gcc -o conftest -g -O2 -Werror=implicit   conftest.c  >&5
configure:7041: $? = 0
configure:7054: result: yes
configure:7191: checking if gcc supports -Werror=nonnull
configure:7208: gcc -o conftest -g -O2 -Werror=nonnull   conftest.c  >&5
configure:7208: $? = 0
configure:7221: result: yes
configure:7309: checking if gcc supports -Werror=init-self
configure:7326: gcc -o conftest -g -O2 -Werror=init-self   conftest.c  >&5
configure:7326: $? = 0
configure:7339: result: yes
configure:7427: checking if gcc supports -Werror=main
configure:7444: gcc -o conftest -g -O2 -Werror=main   conftest.c  >&5
configure:7444: $? = 0
configure:7457: result: yes
configure:7545: checking if gcc supports -Werror=missing-braces
configure:7562: gcc -o conftest -g -O2 -Werror=missing-braces   conftest.c  >&5
configure:7562: $? = 0
configure:7575: result: yes
configure:7663: checking if gcc supports -Werror=sequence-point
configure:7680: gcc -o conftest -g -O2 -Werror=sequence-point   conftest.c  >&5
configure:7680: $? = 0
configure:7693: result: yes
configure:7781: checking if gcc supports -Werror=return-type
configure:7798: gcc -o conftest -g -O2 -Werror=return-type   conftest.c  >&5
configure:7798: $? = 0
configure:7811: result: yes
configure:7948: checking if gcc supports -Werror=trigraphs
configure:7965: gcc -o conftest -g -O2 -Werror=trigraphs   conftest.c  >&5
configure:7965: $? = 0
configure:7978: result: yes
configure:8066: checking if gcc supports -Werror=array-bounds
configure:8083: gcc -o conftest -g -O2 -Werror=array-bounds   conftest.c  >&5
configure:8083: $? = 0
configure:8096: result: yes
configure:8184: checking if gcc supports -Werror=write-strings
configure:8201: gcc -o conftest -g -O2 -Werror=write-strings   conftest.c  >&5
configure:8201: $? = 0
configure:8214: result: yes
configure:8302: checking if gcc supports -Werror=address
configure:8319: gcc -o conftest -g -O2 -Werror=address   conftest.c  >&5
configure:8319: $? = 0
configure:8332: result: yes
configure:8420: checking if gcc supports -Werror=int-to-pointer-cast
configure:8437: gcc -o conftest -g -O2 -Werror=int-to-pointer-cast   conftest.c  >&5
configure:8437: $? = 0
configure:8450: result: yes
configure:8587: checking if gcc supports -Werror=pointer-to-int-cast
configure:8604: gcc -o conftest -g -O2 -Werror=pointer-to-int-cast   conftest.c  >&5
configure:8604: $? = 0
configure:8617: result: yes
configure:10275: checking if gcc supports -pedantic
configure:10292: gcc -o conftest -g -O2 -pedantic   conftest.c  >&5
configure:10292: $? = 0
configure:10305: result: yes
configure:10393: checking if gcc supports -Werror
configure:10410: gcc -o conftest -g -O2 -Werror   conftest.c  >&5
configure:10410: $? = 0
configure:10423: result: yes
configure:10563: checking if gcc supports -Werror=attributes
configure:10580: gcc -o conftest -g -O2 -Werror=attributes   conftest.c  >&5
configure:10580: $? = 0
configure:10593: result: yes
configure:10753: checking whether make supports nested variables
configure:10770: result: yes
configure:10861: checking how to print strings
configure:10888: result: printf
configure:10909: checking for a sed that does not truncate output
configure:10973: result: /bin/sed
configure:10991: checking for fgrep
configure:11053: result: /bin/grep -F
configure:11088: checking for ld used by gcc
configure:11155: result: /usr/bin/ld
configure:11162: checking if the linker (/usr/bin/ld) is GNU ld
configure:11177: result: yes
configure:11189: checking for BSD- or MS-compatible name lister (nm)
configure:11243: result: /usr/bin/nm -B
configure:11373: checking the name lister (/usr/bin/nm -B) interface
configure:11380: gcc -c -g -O2  conftest.c >&5
configure:11383: /usr/bin/nm -B "conftest.o"
configure:11386: output
0000000000000000 B some_variable
configure:11393: result: BSD nm
configure:11396: checking whether ln -s works
configure:11400: result: yes
configure:11408: checking the maximum length of command line arguments
configure:11539: result: 1572864
configure:11587: checking how to convert aarch64-unknown-linux-gnu file names to aarch64-unknown-linux-gnu format
configure:11627: result: func_convert_file_noop
configure:11634: checking how to convert aarch64-unknown-linux-gnu file names to toolchain format
configure:11654: result: func_convert_file_noop
configure:11661: checking for /usr/bin/ld option to reload object files
configure:11668: result: -r
configure:11742: checking for objdump
configure:11758: found /usr/bin/objdump
configure:11769: result: objdump
configure:11801: checking how to recognize dependent libraries
configure:12001: result: pass_all
configure:12086: checking for dlltool
configure:12116: result: no
configure:12146: checking how to associate runtime and link libraries
configure:12173: result: printf %s\n
configure:12233: checking for ar
configure:12249: found /usr/bin/ar
configure:12260: result: ar
configure:12297: checking for archiver @FILE support
configure:12314: gcc -c -g -O2  conftest.c >&5
configure:12314: $? = 0
configure:12317: ar cru libconftest.a @conftest.lst >&5
ar: `u' modifier ignored since `D' is the default (see `U')
configure:12320: $? = 0
configure:12325: ar cru libconftest.a @conftest.lst >&5
ar: `u' modifier ignored since `D' is the default (see `U')
ar: conftest.o: No such file or directory
configure:12328: $? = 1
configure:12340: result: @
configure:12398: checking for strip
configure:12414: found /usr/bin/strip
configure:12425: result: strip
configure:12497: checking for ranlib
configure:12513: found /usr/bin/ranlib
configure:12524: result: ranlib
configure:12626: checking command to parse /usr/bin/nm -B output from gcc object
configure:12779: gcc -c -g -O2  conftest.c >&5
configure:12782: $? = 0
configure:12786: /usr/bin/nm -B conftest.o \| sed -n -e 's/^.*[ ]\([ABCDGIRSTW][ABCDGIRSTW]*\)[ ][ ]*\([_A-Za-z][_A-Za-z0-9]*\)$/\1 \2 \2/p' | sed '/ __gnu_lto/d' \> conftest.nm
configure:12789: $? = 0
configure:12855: gcc -o conftest -g -O2   conftest.c conftstm.o >&5
configure:12858: $? = 0
configure:12896: result: ok
configure:12943: checking for sysroot
configure:12973: result: no
configure:12980: checking for a working dd
configure:13018: result: /bin/dd
configure:13022: checking how to truncate binary pipes
configure:13037: result: /bin/dd bs=4096 count=1
configure:13366: checking for mt
configure:13382: found /bin/mt
configure:13393: result: mt
configure:13416: checking if mt is a manifest tool
configure:13422: mt '-?'
configure:13430: result: no
configure:14104: checking for dlfcn.h
configure:14104: gcc -c -g -O2  conftest.c >&5
configure:14104: $? = 0
configure:14104: result: yes
configure:14330: checking for objdir
configure:14345: result: .libs
configure:14605: checking if gcc supports -fno-rtti -fno-exceptions
configure:14623: gcc -c -g -O2  -fno-rtti -fno-exceptions conftest.c >&5
cc1: warning: command line option '-fno-rtti' is valid for C++/ObjC++ but not for C
configure:14627: $? = 0
configure:14640: result: no
configure:14998: checking for gcc option to produce PIC
configure:15005: result: -fPIC -DPIC
configure:15013: checking if gcc PIC flag -fPIC -DPIC works
configure:15031: gcc -c -g -O2  -fPIC -DPIC -DPIC conftest.c >&5
configure:15035: $? = 0
configure:15048: result: yes
configure:15077: checking if gcc static flag -static works
configure:15105: result: yes
configure:15120: checking if gcc supports -c -o file.o
configure:15141: gcc -c -g -O2  -o out/conftest2.o conftest.c >&5
configure:15145: $? = 0
configure:15167: result: yes
configure:15175: checking if gcc supports -c -o file.o
configure:15222: result: yes
configure:15255: checking whether the gcc linker (/usr/bin/ld) supports shared libraries
configure:16518: result: yes
configure:16555: checking whether -lc should be explicitly linked in
configure:16563: gcc -c -g -O2  conftest.c >&5
configure:16566: $? = 0
configure:16581: gcc -shared  -fPIC -DPIC conftest.o  -v -Wl,-soname -Wl,conftest -o conftest 2\>\&1 \| /bin/grep  -lc  \>/dev/null 2\>\&1
configure:16584: $? = 0
configure:16598: result: no
configure:16758: checking dynamic linker characteristics
configure:17339: gcc -o conftest -g -O2   -Wl,-rpath -Wl,/foo conftest.c  >&5
configure:17339: $? = 0
configure:17588: result: GNU/Linux ld.so
configure:17710: checking how to hardcode library paths into programs
configure:17735: result: immediate
configure:18283: checking whether stripping libraries is possible
configure:18288: result: yes
configure:18323: checking if libtool supports shared libraries
configure:18325: result: yes
configure:18328: checking whether to build shared libraries
configure:18353: result: yes
configure:18356: checking whether to build static libraries
configure:18360: result: no
configure:18438: gcc -c -g -O2 -I/usr/include/xorg  conftest.c >&5
configure:18438: $? = 0
configure:18445: checking if RANDR is defined
configure:18447: result: yes
configure:18473: gcc -c -g -O2 -I/usr/include/xorg  conftest.c >&5
configure:18473: $? = 0
configure:18480: checking if RENDER is defined
configure:18482: result: yes
configure:18508: gcc -c -g -O2 -I/usr/include/xorg  conftest.c >&5
configure:18508: $? = 0
configure:18515: checking if XV is defined
configure:18517: result: yes
configure:18527: checking for XORG
configure:18534: $PKG_CONFIG --exists --print-errors "xorg-server >= 1.0.99.901 xproto fontsproto $REQUIRED_MODULES"
configure:18537: $? = 0
configure:18551: $PKG_CONFIG --exists --print-errors "xorg-server >= 1.0.99.901 xproto fontsproto $REQUIRED_MODULES"
configure:18554: $? = 0
configure:18612: result: yes
configure:18619: checking whether xf86ConfigIsaEntity is declared
configure:18619: gcc -c -fvisibility=hidden -I/usr/include/pixman-1 -I/usr/include/libdrm -I/usr/include/xorg -I/usr/include/X11/dri  conftest.c >&5
conftest.c: In function 'main':
conftest.c:35:10: error: 'xf86ConfigIsaEntity' undeclared (first use in this function)
   (void) xf86ConfigIsaEntity;
          ^
conftest.c:35:10: note: each undeclared identifier is reported only once for each function it appears in
configure:18619: $? = 1
configure: failed program was:
| /* confdefs.h */
| #define PACKAGE_NAME "xf86-video-mali"
| #define PACKAGE_TARNAME "xf86-video-mali"
| #define PACKAGE_VERSION "0.4.2"
| #define PACKAGE_STRING "xf86-video-mali 0.4.2"
| #define PACKAGE_BUGREPORT "https://bugs.freedesktop.org/enter_bug.cgi?product=xorg"
| #define PACKAGE_URL ""
| #define PACKAGE "xf86-video-mali"
| #define VERSION "0.4.2"
| #define STDC_HEADERS 1
| #define HAVE_SYS_TYPES_H 1
| #define HAVE_SYS_STAT_H 1
| #define HAVE_STDLIB_H 1
| #define HAVE_STRING_H 1
| #define HAVE_MEMORY_H 1
| #define HAVE_STRINGS_H 1
| #define HAVE_INTTYPES_H 1
| #define HAVE_STDINT_H 1
| #define HAVE_UNISTD_H 1
| #define PACKAGE_VERSION_MAJOR 0
| #define PACKAGE_VERSION_MINOR 4
| #define PACKAGE_VERSION_PATCHLEVEL 2
| #define HAVE_DLFCN_H 1
| #define LT_OBJDIR ".libs/"
| /* end confdefs.h.  */
| #include "xf86.h"
| 
| int
| main ()
| {
| #ifndef xf86ConfigIsaEntity
| #ifdef __cplusplus
|   (void) xf86ConfigIsaEntity;
| #else
|   (void) xf86ConfigIsaEntity;
| #endif
| #endif
| 
|   ;
|   return 0;
| }
configure:18619: result: no
configure:18854: checking that generated files are newer than configure
configure:18860: result: done
configure:18891: creating ./config.status

## ---------------------- ##
## Running config.status. ##
## ---------------------- ##

This file was extended by xf86-video-mali config.status 0.4.2, which was
generated by GNU Autoconf 2.69.  Invocation command line was

  CONFIG_FILES    = 
  CONFIG_HEADERS  = 
  CONFIG_LINKS    = 
  CONFIG_COMMANDS = 
  $ ./config.status 

on odroid64

config.status:1132: creating Makefile
config.status:1132: creating src/Makefile
config.status:1132: creating config.h
config.status:1313: config.h is unchanged
config.status:1361: executing depfiles commands
config.status:1361: executing libtool commands

## ---------------- ##
## Cache variables. ##
## ---------------- ##

ac_cv_build=aarch64-unknown-linux-gnu
ac_cv_c_compiler_gnu=yes
ac_cv_env_CC_set=
ac_cv_env_CC_value=
ac_cv_env_CFLAGS_set=
ac_cv_env_CFLAGS_value=
ac_cv_env_CPPFLAGS_set=
ac_cv_env_CPPFLAGS_value=
ac_cv_env_CPP_set=
ac_cv_env_CPP_value=
ac_cv_env_LDFLAGS_set=
ac_cv_env_LDFLAGS_value=
ac_cv_env_LIBS_set=
ac_cv_env_LIBS_value=
ac_cv_env_LT_SYS_LIBRARY_PATH_set=
ac_cv_env_LT_SYS_LIBRARY_PATH_value=
ac_cv_env_PCIACCESS_CFLAGS_set=
ac_cv_env_PCIACCESS_CFLAGS_value=
ac_cv_env_PCIACCESS_LIBS_set=
ac_cv_env_PCIACCESS_LIBS_value=
ac_cv_env_PKG_CONFIG_LIBDIR_set=
ac_cv_env_PKG_CONFIG_LIBDIR_value=
ac_cv_env_PKG_CONFIG_PATH_set=
ac_cv_env_PKG_CONFIG_PATH_value=
ac_cv_env_PKG_CONFIG_set=
ac_cv_env_PKG_CONFIG_value=
ac_cv_env_XORG_CFLAGS_set=
ac_cv_env_XORG_CFLAGS_value=
ac_cv_env_XORG_LIBS_set=
ac_cv_env_XORG_LIBS_value=
ac_cv_env_build_alias_set=
ac_cv_env_build_alias_value=
ac_cv_env_host_alias_set=
ac_cv_env_host_alias_value=
ac_cv_env_target_alias_set=
ac_cv_env_target_alias_value=
ac_cv_have_decl___INTEL_COMPILER=no
ac_cv_have_decl___SUNPRO_C=no
ac_cv_have_decl___clang__=no
ac_cv_have_decl_xf86ConfigIsaEntity=no
ac_cv_header_dlfcn_h=yes
ac_cv_header_inttypes_h=yes
ac_cv_header_memory_h=yes
ac_cv_header_stdc=yes
ac_cv_header_stdint_h=yes
ac_cv_header_stdlib_h=yes
ac_cv_header_string_h=yes
ac_cv_header_strings_h=yes
ac_cv_header_sys_stat_h=yes
ac_cv_header_sys_types_h=yes
ac_cv_header_unistd_h=yes
ac_cv_host=aarch64-unknown-linux-gnu
ac_cv_objext=o
ac_cv_path_EGREP='/bin/grep -E'
ac_cv_path_FGREP='/bin/grep -F'
ac_cv_path_GREP=/bin/grep
ac_cv_path_SED=/bin/sed
ac_cv_path_ac_pt_PKG_CONFIG=/usr/bin/pkg-config
ac_cv_path_install='/usr/bin/install -c'
ac_cv_path_lt_DD=/bin/dd
ac_cv_path_mkdir=/bin/mkdir
ac_cv_prog_AWK=gawk
ac_cv_prog_CPP='gcc -E'
ac_cv_prog_ac_ct_AR=ar
ac_cv_prog_ac_ct_CC=gcc
ac_cv_prog_ac_ct_MANIFEST_TOOL=mt
ac_cv_prog_ac_ct_OBJDUMP=objdump
ac_cv_prog_ac_ct_RANLIB=ranlib
ac_cv_prog_ac_ct_STRIP=strip
ac_cv_prog_cc_c89=
ac_cv_prog_cc_c99=
ac_cv_prog_cc_g=yes
ac_cv_prog_make_make_set=yes
am_cv_CC_dependencies_compiler_type=gcc3
am_cv_make_support_nested_variables=yes
am_cv_prog_cc_c_o=yes
lt_cv_ar_at_file=@
lt_cv_archive_cmds_need_lc=no
lt_cv_deplibs_check_method=pass_all
lt_cv_file_magic_cmd='$MAGIC_CMD'
lt_cv_file_magic_test_file=
lt_cv_ld_reload_flag=-r
lt_cv_nm_interface='BSD nm'
lt_cv_objdir=.libs
lt_cv_path_LD=/usr/bin/ld
lt_cv_path_NM='/usr/bin/nm -B'
lt_cv_path_mainfest_tool=no
lt_cv_prog_compiler_c_o=yes
lt_cv_prog_compiler_pic='-fPIC -DPIC'
lt_cv_prog_compiler_pic_works=yes
lt_cv_prog_compiler_rtti_exceptions=no
lt_cv_prog_compiler_static_works=yes
lt_cv_prog_gnu_ld=yes
lt_cv_sharedlib_from_linklib_cmd='printf %s\n'
lt_cv_shlibpath_overrides_runpath=no
lt_cv_sys_global_symbol_pipe='sed -n -e '\''s/^.*[	 ]\([ABCDGIRSTW][ABCDGIRSTW]*\)[	 ][	 ]*\([_A-Za-z][_A-Za-z0-9]*\)$/\1 \2 \2/p'\'' | sed '\''/ __gnu_lto/d'\'''
lt_cv_sys_global_symbol_to_c_name_address='sed -n -e '\''s/^: \(.*\) .*$/  {"\1", (void *) 0},/p'\'' -e '\''s/^[ABCDGIRSTW][ABCDGIRSTW]* .* \(.*\)$/  {"\1", (void *) \&\1},/p'\'''
lt_cv_sys_global_symbol_to_c_name_address_lib_prefix='sed -n -e '\''s/^: \(.*\) .*$/  {"\1", (void *) 0},/p'\'' -e '\''s/^[ABCDGIRSTW][ABCDGIRSTW]* .* \(lib.*\)$/  {"\1", (void *) \&\1},/p'\'' -e '\''s/^[ABCDGIRSTW][ABCDGIRSTW]* .* \(.*\)$/  {"lib\1", (void *) \&\1},/p'\'''
lt_cv_sys_global_symbol_to_cdecl='sed -n -e '\''s/^T .* \(.*\)$/extern int \1();/p'\'' -e '\''s/^[ABCDGIRSTW][ABCDGIRSTW]* .* \(.*\)$/extern char \1;/p'\'''
lt_cv_sys_global_symbol_to_import=
lt_cv_sys_max_cmd_len=1572864
lt_cv_to_host_file_cmd=func_convert_file_noop
lt_cv_to_tool_file_cmd=func_convert_file_noop
lt_cv_truncate_bin='/bin/dd bs=4096 count=1'
pkg_cv_XORG_CFLAGS='-fvisibility=hidden -I/usr/include/pixman-1 -I/usr/include/libdrm -I/usr/include/xorg -I/usr/include/X11/dri'
pkg_cv_XORG_LIBS=
xorg_cv_cc_flag__Wall=yes
xorg_cv_cc_flag__Wbad_function_cast=yes
xorg_cv_cc_flag__Wdeclaration_after_statement=yes
xorg_cv_cc_flag__Werror=yes
xorg_cv_cc_flag__Werror_address=yes
xorg_cv_cc_flag__Werror_array_bounds=yes
xorg_cv_cc_flag__Werror_attributes=yes
xorg_cv_cc_flag__Werror_implicit=yes
xorg_cv_cc_flag__Werror_init_self=yes
xorg_cv_cc_flag__Werror_int_to_pointer_cast=yes
xorg_cv_cc_flag__Werror_main=yes
xorg_cv_cc_flag__Werror_missing_braces=yes
xorg_cv_cc_flag__Werror_nonnull=yes
xorg_cv_cc_flag__Werror_pointer_to_int_cast=yes
xorg_cv_cc_flag__Werror_return_type=yes
xorg_cv_cc_flag__Werror_sequence_point=yes
xorg_cv_cc_flag__Werror_trigraphs=yes
xorg_cv_cc_flag__Werror_write_strings=yes
xorg_cv_cc_flag__Wformat_2=yes
xorg_cv_cc_flag__Wlogical_op=yes
xorg_cv_cc_flag__Wmissing_declarations=yes
xorg_cv_cc_flag__Wmissing_format_attribute=yes
xorg_cv_cc_flag__Wmissing_noreturn=yes
xorg_cv_cc_flag__Wmissing_prototypes=yes
xorg_cv_cc_flag__Wnested_externs=yes
xorg_cv_cc_flag__Wold_style_definition=yes
xorg_cv_cc_flag__Wpointer_arith=yes
xorg_cv_cc_flag__Wredundant_decls=yes
xorg_cv_cc_flag__Wshadow=yes
xorg_cv_cc_flag__Wstrict_prototypes=yes
xorg_cv_cc_flag__Wuninitialized=yes
xorg_cv_cc_flag__Wunused=yes
xorg_cv_cc_flag__pedantic=yes
xorg_cv_cc_flag_unknown_warning_option=no
xorg_cv_cc_flag_unused_command_line_argument=no

## ----------------- ##
## Output variables. ##
## ----------------- ##

ACLOCAL='${SHELL} /work/mali_ddx/missing aclocal-1.15'
ADMIN_MAN_DIR='$(mandir)/man$(ADMIN_MAN_SUFFIX)'
ADMIN_MAN_SUFFIX='8'
AMDEPBACKSLASH='\'
AMDEP_FALSE='#'
AMDEP_TRUE=''
AMTAR='$${TAR-tar}'
AM_BACKSLASH='\'
AM_DEFAULT_V='$(AM_DEFAULT_VERBOSITY)'
AM_DEFAULT_VERBOSITY='0'
AM_V='$(V)'
APP_MAN_DIR='$(mandir)/man$(APP_MAN_SUFFIX)'
APP_MAN_SUFFIX='1'
AR='ar'
AUTOCONF='${SHELL} /work/mali_ddx/missing autoconf'
AUTOHEADER='${SHELL} /work/mali_ddx/missing autoheader'
AUTOMAKE='${SHELL} /work/mali_ddx/missing automake-1.15'
AWK='gawk'
BASE_CFLAGS=' -Wall -Wpointer-arith -Wmissing-declarations -Wformat=2 -Wstrict-prototypes -Wmissing-prototypes -Wnested-externs -Wbad-function-cast -Wold-style-definition -Wdeclaration-after-statement -Wunused -Wuninitialized -Wshadow -Wmissing-noreturn -Wmissing-format-attribute -Wredundant-decls -Wlogical-op -Werror=implicit -Werror=nonnull -Werror=init-self -Werror=main -Werror=missing-braces -Werror=sequence-point -Werror=return-type -Werror=trigraphs -Werror=array-bounds -Werror=write-strings -Werror=address -Werror=int-to-pointer-cast -Werror=pointer-to-int-cast'
CC='gcc'
CCDEPMODE='depmode=gcc3'
CFLAGS='-g -O2'
CHANGELOG_CMD='(GIT_DIR=$(top_srcdir)/.git git log > $(top_srcdir)/.changelog.tmp && mv $(top_srcdir)/.changelog.tmp $(top_srcdir)/ChangeLog) || (rm -f $(top_srcdir)/.changelog.tmp; touch $(top_srcdir)/ChangeLog; echo '\''git directory not found: installing possibly empty changelog.'\'' >&2)'
CPP='gcc -E'
CPPFLAGS=''
CWARNFLAGS=' -Wall -Wpointer-arith -Wmissing-declarations -Wformat=2 -Wstrict-prototypes -Wmissing-prototypes -Wnested-externs -Wbad-function-cast -Wold-style-definition -Wdeclaration-after-statement -Wunused -Wuninitialized -Wshadow -Wmissing-noreturn -Wmissing-format-attribute -Wredundant-decls -Wlogical-op -Werror=implicit -Werror=nonnull -Werror=init-self -Werror=main -Werror=missing-braces -Werror=sequence-point -Werror=return-type -Werror=trigraphs -Werror=array-bounds -Werror=write-strings -Werror=address -Werror=int-to-pointer-cast -Werror=pointer-to-int-cast -fno-strict-aliasing'
CYGPATH_W='echo'
DEFS='-DHAVE_CONFIG_H'
DEPDIR='.deps'
DLLTOOL='false'
DRIVER_MAN_DIR='$(mandir)/man$(DRIVER_MAN_SUFFIX)'
DRIVER_MAN_SUFFIX='4'
DRIVER_NAME='mali'
DSYMUTIL=''
DUMPBIN=''
ECHO_C=''
ECHO_N='-n'
ECHO_T=''
EGREP='/bin/grep -E'
EXEEXT=''
FGREP='/bin/grep -F'
FILE_MAN_DIR='$(mandir)/man$(FILE_MAN_SUFFIX)'
FILE_MAN_SUFFIX='5'
GREP='/bin/grep'
INSTALL_CMD='(cp -f /usr/share/util-macros/INSTALL $(top_srcdir)/.INSTALL.tmp && mv $(top_srcdir)/.INSTALL.tmp $(top_srcdir)/INSTALL) || (rm -f $(top_srcdir)/.INSTALL.tmp; touch $(top_srcdir)/INSTALL; echo '\''util-macros "pkgdatadir" from xorg-macros.pc not found: installing possibly empty INSTALL.'\'' >&2)'
INSTALL_DATA='${INSTALL} -m 644'
INSTALL_PROGRAM='${INSTALL}'
INSTALL_SCRIPT='${INSTALL}'
INSTALL_STRIP_PROGRAM='$(install_sh) -c -s'
LD='/usr/bin/ld'
LDFLAGS=''
LIBOBJS=''
LIBS=''
LIBTOOL='$(SHELL) $(top_builddir)/libtool'
LIB_MAN_DIR='$(mandir)/man$(LIB_MAN_SUFFIX)'
LIB_MAN_SUFFIX='3'
LIPO=''
LN_S='ln -s'
LTLIBOBJS=''
LT_SYS_LIBRARY_PATH=''
MAINT='#'
MAINTAINER_MODE_FALSE=''
MAINTAINER_MODE_TRUE='#'
MAKEINFO='${SHELL} /work/mali_ddx/missing makeinfo'
MANIFEST_TOOL=':'
MAN_SUBSTS='	-e '\''s|__vendorversion__|"$(PACKAGE_STRING)" "$(XORG_MAN_PAGE)"|'\'' 	-e '\''s|__xorgversion__|"$(PACKAGE_STRING)" "$(XORG_MAN_PAGE)"|'\'' 	-e '\''s|__xservername__|Xorg|g'\'' 	-e '\''s|__xconfigfile__|xorg.conf|g'\'' 	-e '\''s|__projectroot__|$(prefix)|g'\'' 	-e '\''s|__apploaddir__|$(appdefaultdir)|g'\'' 	-e '\''s|__appmansuffix__|$(APP_MAN_SUFFIX)|g'\'' 	-e '\''s|__drivermansuffix__|$(DRIVER_MAN_SUFFIX)|g'\'' 	-e '\''s|__adminmansuffix__|$(ADMIN_MAN_SUFFIX)|g'\'' 	-e '\''s|__libmansuffix__|$(LIB_MAN_SUFFIX)|g'\'' 	-e '\''s|__miscmansuffix__|$(MISC_MAN_SUFFIX)|g'\'' 	-e '\''s|__filemansuffix__|$(FILE_MAN_SUFFIX)|g'\'''
MISC_MAN_DIR='$(mandir)/man$(MISC_MAN_SUFFIX)'
MISC_MAN_SUFFIX='7'
MKDIR_P='/bin/mkdir -p'
NM='/usr/bin/nm -B'
NMEDIT=''
OBJDUMP='objdump'
OBJEXT='o'
OTOOL64=''
OTOOL=''
PACKAGE='xf86-video-mali'
PACKAGE_BUGREPORT='https://bugs.freedesktop.org/enter_bug.cgi?product=xorg'
PACKAGE_NAME='xf86-video-mali'
PACKAGE_STRING='xf86-video-mali 0.4.2'
PACKAGE_TARNAME='xf86-video-mali'
PACKAGE_URL=''
PACKAGE_VERSION='0.4.2'
PATH_SEPARATOR=':'
PCIACCESS_CFLAGS=''
PCIACCESS_FALSE=''
PCIACCESS_LIBS=''
PCIACCESS_TRUE='#'
PKG_CONFIG='/usr/bin/pkg-config'
PKG_CONFIG_LIBDIR=''
PKG_CONFIG_PATH=''
RANLIB='ranlib'
SED='/bin/sed'
SET_MAKE=''
SHELL='/bin/bash'
STRICT_CFLAGS=' -pedantic -Werror -Werror=attributes'
STRIP='strip'
VERSION='0.4.2'
XORG_CFLAGS='-fvisibility=hidden -I/usr/include/pixman-1 -I/usr/include/libdrm -I/usr/include/xorg -I/usr/include/X11/dri'
XORG_LIBS=''
XORG_MAN_PAGE='X Version 11'
ac_ct_AR='ar'
ac_ct_CC='gcc'
ac_ct_DUMPBIN=''
am__EXEEXT_FALSE=''
am__EXEEXT_TRUE='#'
am__fastdepCC_FALSE='#'
am__fastdepCC_TRUE=''
am__include='include'
am__isrc=''
am__leading_dot='.'
am__nodep='_no'
am__quote=''
am__tar='$${TAR-tar} chof - "$$tardir"'
am__untar='$${TAR-tar} xf -'
bindir='${exec_prefix}/bin'
build='aarch64-unknown-linux-gnu'
build_alias=''
build_cpu='aarch64'
build_os='linux-gnu'
build_vendor='unknown'
datadir='${datarootdir}'
datarootdir='${prefix}/share'
docdir='${datarootdir}/doc/${PACKAGE_TARNAME}'
dvidir='${docdir}'
exec_prefix='${prefix}'
host='aarch64-unknown-linux-gnu'
host_alias=''
host_cpu='aarch64'
host_os='linux-gnu'
host_vendor='unknown'
htmldir='${docdir}'
includedir='${prefix}/include'
infodir='${datarootdir}/info'
install_sh='${SHELL} /work/mali_ddx/install-sh'
libdir='${exec_prefix}/lib'
libexecdir='${exec_prefix}/libexec'
localedir='${datarootdir}/locale'
localstatedir='${prefix}/var'
mandir='${datarootdir}/man'
mkdir_p='$(MKDIR_P)'
moduledir='${exec_prefix}/lib/xorg/modules'
oldincludedir='/usr/include'
pdfdir='${docdir}'
prefix='/usr'
program_transform_name='s,x,x,'
psdir='${docdir}'
runstatedir='${localstatedir}/run'
sbindir='${exec_prefix}/sbin'
sharedstatedir='${prefix}/com'
sysconfdir='${prefix}/etc'
target_alias=''

## ----------- ##
## confdefs.h. ##
## ----------- ##

/* confdefs.h */
#define PACKAGE_NAME "xf86-video-mali"
#define PACKAGE_TARNAME "xf86-video-mali"
#define PACKAGE_VERSION "0.4.2"
#define PACKAGE_STRING "xf86-video-mali 0.4.2"
#define PACKAGE_BUGREPORT "https://bugs.freedesktop.org/enter_bug.cgi?product=xorg"
#define PACKAGE_URL ""
#define PACKAGE "xf86-video-mali"
#define VERSION "0.4.2"
#define STDC_HEADERS 1
#define HAVE_SYS_TYPES_H 1
#define HAVE_SYS_STAT_H 1
#define HAVE_STDLIB_H 1
#define HAVE_STRING_H 1
#define HAVE_MEMORY_H 1
#define HAVE_STRINGS_H 1
#define HAVE_INTTYPES_H 1
#define HAVE_STDINT_H 1
#define HAVE_UNISTD_H 1
#define PACKAGE_VERSION_MAJOR 0
#define PACKAGE_VERSION_MINOR 4
#define PACKAGE_VERSION_PATCHLEVEL 2
#define HAVE_DLFCN_H 1
#define LT_OBJDIR ".libs/"

configure: exit 0

## ---------------------- ##
## Running config.status. ##
## ---------------------- ##

This file was extended by xf86-video-mali config.status 0.4.2, which was
generated by GNU Autoconf 2.69.  Invocation command line was

  CONFIG_FILES    = 
  CONFIG_HEADERS  = 
  CONFIG_LINKS    = 
  CONFIG_COMMANDS = 
  $ ./config.status src/Makefile depfiles

on odroid64

config.status:1132: creating src/Makefile
config.status:1361: executing depfiles commands
